e:\users\documents\sourcecontrol\github\insight-engine\insight\obj\vc141.pdb
e:\users\documents\sourcecontrol\github\insight-engine\insight\obj\vc141.idb
e:\users\documents\sourcecontrol\github\insight-engine\insight\obj\meshcomponent.obj
e:\users\documents\sourcecontrol\github\insight-engine\insight\obj\main.obj
e:\users\documents\sourcecontrol\github\insight-engine\insight\obj\log.obj
e:\users\documents\sourcecontrol\github\insight-engine\insight\obj\lightvolumemanager.obj
e:\users\documents\sourcecontrol\github\insight-engine\insight\obj\lightcomponent.obj
e:\users\documents\sourcecontrol\github\insight-engine\insight\obj\guiinspector.obj
e:\users\documents\sourcecontrol\github\insight-engine\insight\obj\guihierarchy.obj
e:\users\documents\sourcecontrol\github\insight-engine\insight\obj\guibase.obj
e:\users\documents\sourcecontrol\github\insight-engine\insight\obj\gui.obj
e:\users\documents\sourcecontrol\github\insight-engine\insight\obj\gbuffer.obj
e:\users\documents\sourcecontrol\github\insight-engine\insight\obj\fullscreenshader.obj
e:\users\documents\sourcecontrol\github\insight-engine\insight\obj\entitymanager.obj
e:\users\documents\sourcecontrol\github\insight-engine\insight\obj\entity.obj
e:\users\documents\sourcecontrol\github\insight-engine\insight\obj\directionallight.obj
e:\users\documents\sourcecontrol\github\insight-engine\insight\obj\deferredshader.obj
e:\users\documents\sourcecontrol\github\insight-engine\insight\obj\deferredlightpassshader.obj
e:\users\documents\sourcecontrol\github\insight-engine\insight\obj\cameracomponent.obj
e:\users\documents\sourcecontrol\github\insight-engine\insight\obj\assimpmodel.obj
e:\users\documents\sourcecontrol\github\insight-engine\insight\obj\assimpmesh.obj
e:\users\documents\sourcecontrol\github\insight-engine\insight\obj\ambientlight.obj
e:\users\documents\sourcecontrol\github\insight-engine\insight\obj\watershader.obj
e:\users\documents\sourcecontrol\github\insight-engine\insight\obj\vertexshader.obj
e:\users\documents\sourcecontrol\github\insight-engine\insight\obj\transformcomponent.obj
e:\users\documents\sourcecontrol\github\insight-engine\insight\obj\tessshader.obj
e:\users\documents\sourcecontrol\github\insight-engine\insight\obj\ssrshader.obj
e:\users\documents\sourcecontrol\github\insight-engine\insight\obj\ssaoshader.obj
e:\users\documents\sourcecontrol\github\insight-engine\insight\obj\spotlight.obj
e:\users\documents\sourcecontrol\github\insight-engine\insight\obj\shadowshader.obj
e:\users\documents\sourcecontrol\github\insight-engine\insight\obj\shadowmapshader.obj
e:\users\documents\sourcecontrol\github\insight-engine\insight\obj\shader.obj
e:\users\documents\sourcecontrol\github\insight-engine\insight\obj\renderer.obj
e:\users\documents\sourcecontrol\github\insight-engine\insight\obj\ppscreenoverlay.obj
e:\users\documents\sourcecontrol\github\insight-engine\insight\obj\ppeffect.obj
e:\users\documents\sourcecontrol\github\insight-engine\insight\obj\ppblur.obj
e:\users\documents\sourcecontrol\github\insight-engine\insight\obj\ppbloom.obj
e:\users\documents\sourcecontrol\github\insight-engine\insight\obj\postprocessing.obj
e:\users\documents\sourcecontrol\github\insight-engine\insight\obj\pointlight.obj
e:\users\documents\sourcecontrol\github\insight-engine\insight\obj\myapplication.obj
e:\users\documents\sourcecontrol\github\insight-engine\insight\bin\insight.lib
e:\users\documents\sourcecontrol\github\insight-engine\insight\bin\insight.exp
e:\users\documents\sourcecontrol\github\insight-engine\insight\bin\insight.ilk
e:\users\documents\sourcecontrol\github\insight-engine\insight\bin\insight.exe
e:\users\documents\sourcecontrol\github\insight-engine\insight\bin\insight.pdb
e:\users\documents\sourcecontrol\github\insight-engine\insight\obj\insight.tlog\cl.command.1.tlog
e:\users\documents\sourcecontrol\github\insight-engine\insight\obj\insight.tlog\cl.read.1.tlog
e:\users\documents\sourcecontrol\github\insight-engine\insight\obj\insight.tlog\cl.write.1.tlog
e:\users\documents\sourcecontrol\github\insight-engine\insight\obj\insight.tlog\insight.write.1u.tlog
e:\users\documents\sourcecontrol\github\insight-engine\insight\obj\insight.tlog\link.command.1.tlog
e:\users\documents\sourcecontrol\github\insight-engine\insight\obj\insight.tlog\link.read.1.tlog
e:\users\documents\sourcecontrol\github\insight-engine\insight\obj\insight.tlog\link.write.1.tlog
